<?xml version="1.0" encoding="UTF-8" ?>
<testsuite failures="0" time="4.328" errors="0" skipped="0" tests="1" name="org.mobicents.servlet.sip.EmbeddedTomcatLoaderTest">
  <properties>
    <property name="java.runtime.name" value="Java(TM) SE Runtime Environment"/>
    <property name="sun.boot.library.path" value="c:\usr\local\jdk1.6.0_02\jre\bin"/>
    <property name="java.vm.version" value="1.6.0_02-b06"/>
    <property name="shared.loader" value="${catalina.base}/shared/classes,${catalina.base}/shared/lib/*.jar"/>
    <property name="java.vm.vendor" value="Sun Microsystems Inc."/>
    <property name="java.vendor.url" value="http://java.sun.com/"/>
    <property name="path.separator" value=";"/>
    <property name="java.vm.name" value="Java HotSpot(TM) Client VM"/>
    <property name="tomcat.util.buf.StringCache.byte.enabled" value="true"/>
    <property name="file.encoding.pkg" value="sun.io"/>
    <property name="user.country" value="US"/>
    <property name="sun.java.launcher" value="SUN_STANDARD"/>
    <property name="sun.os.patch.level" value="Service Pack 2"/>
    <property name="java.vm.specification.name" value="Java Virtual Machine Specification"/>
    <property name="user.dir" value="c:\home\eclipse\workspace\sip-servlets-test-suite"/>
    <property name="java.runtime.version" value="1.6.0_02-b06"/>
    <property name="java.awt.graphicsenv" value="sun.awt.Win32GraphicsEnvironment"/>
    <property name="basedir" value="c:\home\eclipse\workspace\sip-servlets-test-suite"/>
    <property name="java.endorsed.dirs" value="c:\usr\local\jdk1.6.0_02\jre\lib\endorsed"/>
    <property name="os.arch" value="x86"/>
    <property name="java.io.tmpdir" value="c:\DOCUME~1\mranga\LOCALS~1\Temp\"/>
    <property name="line.separator" value="
"/>
    <property name="java.vm.specification.vendor" value="Sun Microsystems Inc."/>
    <property name="user.variant" value=""/>
    <property name="java.naming.factory.url.pkgs" value="org.apache.naming"/>
    <property name="os.name" value="Windows XP"/>
    <property name="sun.jnu.encoding" value="Cp1252"/>
    <property name="java.library.path" value="c:\usr\local\jdk1.6.0_02\jre\bin;.;C:\WINDOWS\Sun\Java\bin;C:\WINDOWS\system32;C:\WINDOWS;C:\cygwin\usr\local\bin;C:\cygwin\bin;C:\cygwin\bin;C:\cygwin\usr\X11R6\bin;c:\WINDOWS\system32;c:\WINDOWS;c:\WINDOWS\System32\Wbem;c:\Program Files\ATI Technologies\ATI Control Panel;c:\Program Files\ATI Technologies\ATI.ACE\;C:\cygwin\lib\lapack;c;C:\cygwin\usr\local\jdk1.6.0_02\bin\;c;C:\cygwin\usr\local\GnuWin32\bin\"/>
    <property name="java.specification.name" value="Java Platform API Specification"/>
    <property name="java.class.version" value="50.0"/>
    <property name="sun.management.compiler" value="HotSpot Client Compiler"/>
    <property name="os.version" value="5.1"/>
    <property name="user.home" value="C:\Documents and Settings\mranga"/>
    <property name="user.timezone" value="America/New_York"/>
    <property name="catalina.useNaming" value="true"/>
    <property name="java.awt.printerjob" value="sun.awt.windows.WPrinterJob"/>
    <property name="java.specification.version" value="1.6"/>
    <property name="file.encoding" value="Cp1252"/>
    <property name="catalina.home" value="c:/usr/local/apache-tomcat-5.5.23"/>
    <property name="user.name" value="mranga"/>
    <property name="java.class.path" value="C:\Documents and Settings\mranga\.m2\repository\org\codehaus\plexus\plexus-archiver\1.0-alpha-7\plexus-archiver-1.0-alpha-7.jar;C:\Documents and Settings\mranga\.m2\repository\org\apache\maven\surefire\surefire-api\2.3\surefire-api-2.3.jar;C:\Documents and Settings\mranga\.m2\repository\org\codehaus\plexus\plexus-container-default\1.0-alpha-8\plexus-container-default-1.0-alpha-8.jar;C:\Documents and Settings\mranga\.m2\repository\org\codehaus\plexus\plexus-utils\1.1\plexus-utils-1.1.jar;C:\Documents and Settings\mranga\.m2\repository\classworlds\classworlds\1.1-alpha-2\classworlds-1.1-alpha-2.jar;C:\Documents and Settings\mranga\.m2\repository\org\apache\maven\surefire\surefire-booter\2.3\surefire-booter-2.3.jar;C:\Documents and Settings\mranga\.m2\repository\commons-lang\commons-lang\2.1\commons-lang-2.1.jar;C:\Documents and Settings\mranga\.m2\repository\junit\junit\3.8.1\junit-3.8.1.jar"/>
    <property name="java.naming.factory.initial" value="org.apache.naming.java.javaURLContextFactory"/>
    <property name="package.definition" value="sun.,java.,org.apache.catalina.,org.apache.coyote.,org.apache.tomcat.,org.apache.jasper."/>
    <property name="java.vm.specification.version" value="1.0"/>
    <property name="sun.arch.data.model" value="32"/>
    <property name="java.home" value="c:\usr\local\jdk1.6.0_02\jre"/>
    <property name="java.specification.vendor" value="Sun Microsystems Inc."/>
    <property name="user.language" value="en"/>
    <property name="awt.toolkit" value="sun.awt.windows.WToolkit"/>
    <property name="java.vm.info" value="mixed mode"/>
    <property name="java.version" value="1.6.0_02"/>
    <property name="java.ext.dirs" value="c:\usr\local\jdk1.6.0_02\jre\lib\ext;C:\WINDOWS\Sun\Java\lib\ext"/>
    <property name="sun.boot.class.path" value="c:\usr\local\jdk1.6.0_02\jre\lib\resources.jar;c:\usr\local\jdk1.6.0_02\jre\lib\rt.jar;c:\usr\local\jdk1.6.0_02\jre\lib\sunrsasign.jar;c:\usr\local\jdk1.6.0_02\jre\lib\jsse.jar;c:\usr\local\jdk1.6.0_02\jre\lib\jce.jar;c:\usr\local\jdk1.6.0_02\jre\lib\charsets.jar;c:\usr\local\jdk1.6.0_02\jre\classes"/>
    <property name="java.vendor" value="Sun Microsystems Inc."/>
    <property name="server.loader" value="${catalina.home}/server/classes,${catalina.home}/server/lib/*.jar"/>
    <property name="catalina.base" value="c:/usr/local/apache-tomcat-5.5.23"/>
    <property name="localRepository" value="C:\Documents and Settings\mranga\.m2\repository"/>
    <property name="javax.servlet.sip.dar" value="file:///c:/home/eclipse/workspace//sip-servlets-impl/docs/dar.properties"/>
    <property name="file.separator" value="\"/>
    <property name="java.vendor.url.bug" value="http://java.sun.com/cgi-bin/bugreport.cgi"/>
    <property name="common.loader" value="${catalina.home}/common/classes,${catalina.home}/common/i18n/*.jar,${catalina.home}/common/endorsed/*.jar,${catalina.home}/common/lib/*.jar"/>
    <property name="sun.cpu.endian" value="little"/>
    <property name="sun.io.unicode.encoding" value="UnicodeLittle"/>
    <property name="package.access" value="sun.,org.apache.catalina.,org.apache.coyote.,org.apache.tomcat.,org.apache.jasper.,sun.beans."/>
    <property name="sun.desktop" value="windows"/>
    <property name="sun.cpu.isalist" value="pentium_pro+mmx pentium_pro pentium+mmx pentium i486 i386 i86"/>
  </properties>
  <testcase time="4.312" name="testSimpleSipServlet"/>
</testsuite>