<?xml version="1.0" encoding="UTF-8" ?>
<testsuite errors="1" failures="0" hostname="p623281" name="org.mobicents.servlet.sip.EmbeddedTomcatLoaderTest" tests="1" time="0.25" timestamp="2007-11-13T03:11:20">
  <properties>
    <property name="java.vendor" value="Sun Microsystems Inc." />
    <property name="env.SYSTEMROOT" value="C:\WINDOWS" />
    <property name="env.GVIM_HOME" value="c:/usr/local/Vim/vim71" />
    <property name="sun.java.launcher" value="SUN_STANDARD" />
    <property name="env.CVSROOT" value=":pserver:mranga@jitterbug.antd.nist.gov:/import/fs3/users/mranga/sip-dev" />
    <property name="sun.management.compiler" value="HotSpot Client Compiler" />
    <property name="env.PROMPT" value="$P$G" />
    <property name="os.name" value="Windows XP" />
    <property name="env.FP_NO_HOST_CHECK" value="NO" />
    <property name="sun.boot.class.path" value="c:\usr\local\jdk1.6.0_02\jre\lib\resources.jar;c:\usr\local\jdk1.6.0_02\jre\lib\rt.jar;c:\usr\local\jdk1.6.0_02\jre\lib\sunrsasign.jar;c:\usr\local\jdk1.6.0_02\jre\lib\jsse.jar;c:\usr\local\jdk1.6.0_02\jre\lib\jce.jar;c:\usr\local\jdk1.6.0_02\jre\lib\charsets.jar;c:\usr\local\jdk1.6.0_02\jre\classes" />
    <property name="env.TEXDOCVIEW_txt" value="cygstart %s" />
    <property name="env.COMPUTERNAME" value="P623281" />
    <property name="env.PWD" value="/cygdrive/c/home/eclipse/workspace/sip-servlets-test-suite" />
    <property name="env.MAKE_MODE" value="unix" />
    <property name="env.ALLUSERSPROFILE" value="C:\Documents and Settings\All Users" />
    <property name="sun.desktop" value="windows" />
    <property name="java.vm.specification.vendor" value="Sun Microsystems Inc." />
    <property name="ant.home" value="c:/usr/local/apache-ant-1.7.0" />
    <property name="java.runtime.version" value="1.6.0_02-b06" />
    <property name="env.HOMEPATH" value="\Documents and Settings\mranga" />
    <property name="user.name" value="mranga" />
    <property name="env.USER" value="mranga" />
    <property name="env.TEXDOCVIEW_html" value="cygstart %s" />
    <property name="env.PATH" value="C:\cygwin\usr\local\bin;C:\cygwin\bin;C:\cygwin\bin;C:\cygwin\usr\X11R6\bin;c:\WINDOWS\system32;c:\WINDOWS;c:\WINDOWS\System32\Wbem;c:\Program Files\ATI Technologies\ATI Control Panel;c:\Program Files\ATI Technologies\ATI.ACE\;C:\cygwin\lib\lapack;c;C:\cygwin\usr\local\jdk1.6.0_02\bin\;c;C:\cygwin\usr\local\GnuWin32\bin\" />
    <property name="user.language" value="en" />
    <property name="env.WINDIR" value="C:\WINDOWS" />
    <property name="sun.boot.library.path" value="c:\usr\local\jdk1.6.0_02\jre\bin" />
    <property name="ant.project.name" value="sip-servlets-test-suite" />
    <property name="java.version" value="1.6.0_02" />
    <property name="env.PROCESSOR_IDENTIFIER" value="x86 Family 6 Model 13 Stepping 8, GenuineIntel" />
    <property name="user.timezone" value="" />
    <property name="env.CLIENTNAME" value="Console" />
    <property name="env.TEMP" value="c:\DOCUME~1\mranga\LOCALS~1\Temp" />
    <property name="sun.arch.data.model" value="32" />
    <property name="java.endorsed.dirs" value="c:\usr\local\jdk1.6.0_02\jre\lib\endorsed" />
    <property name="sun.cpu.isalist" value="pentium_pro+mmx pentium_pro pentium+mmx pentium i486 i386 i86" />
    <property name="env.HOMEDRIVE" value="C:" />
    <property name="sun.jnu.encoding" value="Cp1252" />
    <property name="file.encoding.pkg" value="sun.io" />
    <property name="env.SHLVL" value="1" />
    <property name="env.SYSTEMDRIVE" value="C:" />
    <property name="env.LINES" value="60" />
    <property name="env.HOSTNAME" value="p623281" />
    <property name="file.separator" value="\" />
    <property name="java.specification.name" value="Java Platform API Specification" />
    <property name="java.class.version" value="50.0" />
    <property name="user.country" value="US" />
    <property name="env.PRINTER" value="Microsoft XPS Document Writer" />
    <property name="java.home" value="c:\usr\local\jdk1.6.0_02\jre" />
    <property name="env.APPDATA" value="C:\Documents and Settings\mranga\Application Data" />
    <property name="java.vm.info" value="mixed mode" />
    <property name="env.TOMCAT_HOME" value="c:/usr/local/apache-tomcat-5.5.23" />
    <property name="env.OS" value="Windows_NT" />
    <property name="ant.file" value="c:\home\eclipse\workspace\sip-servlets-test-suite\build.xml" />
    <property name="os.version" value="5.1" />
    <property name="env.GNUWIN_HOME" value="c:/usr/local/GnuWin32" />
    <property name="path.separator" value=";" />
    <property name="java.vm.version" value="1.6.0_02-b06" />
    <property name="user.variant" value="" />
    <property name="env.USERPROFILE" value="C:\Documents and Settings\mranga" />
    <property name="ant.library.dir" value="c:/usr/local/apache-ant-1.7.0/lib" />
    <property name="junit.output.dir" value="junit" />
    <property name="env.JAVA_HOME" value="c:/usr/local/jdk1.6.0_02" />
    <property name="java.awt.printerjob" value="sun.awt.windows.WPrinterJob" />
    <property name="env.TERM" value="cygwin" />
    <property name="env.TMP" value="c:\DOCUME~1\mranga\LOCALS~1\Temp" />
    <property name="env.PROGRAMFILES" value="C:\Program Files" />
    <property name="sun.io.unicode.encoding" value="UnicodeLittle" />
    <property name="env.TEXDOCVIEW_pdf" value="cygstart %s" />
    <property name="awt.toolkit" value="sun.awt.windows.WToolkit" />
    <property name="env.MANPATH" value="/usr/local/man:/usr/share/man:/usr/man::/usr/ssl/man" />
    <property name="env.IZPACK_HOME" value="c:/Program\ Files/IzPack" />
    <property name="target" value="1.5" />
    <property name="user.home" value="C:\Documents and Settings\mranga" />
    <property name="env.COMMONPROGRAMFILES" value="C:\Program Files\Common Files" />
    <property name="env.SESSIONNAME" value="Console" />
    <property name="env.CLASSPATH" value="C:/cygwin/lib/jxta.jar;C:/cygwin/lib/log4j.jar;C:/cygwin/lib/minimalBC.jar;C:/cygwin/lib/org.mortbay.jetty.jar;C:/cygwin/lib/jxtasecurity.jar;C:/cygwin/lib/cryptix32.jar;C:/cygwin/lib/jxtaptls.jar;C:/cygwin/lib/javax.servlet.jar;C:/cygwin/lib/cryptix-asn1.jar;c:/usr/local/jboss/jboss-3.2.6/lib/j2ee.jar" />
    <property name="java.specification.vendor" value="Sun Microsystems Inc." />
    <property name="java.library.path" value="c:\usr\local\jdk1.6.0_02\jre\bin;.;C:\WINDOWS\Sun\Java\bin;C:\WINDOWS\system32;C:\WINDOWS;C:\cygwin\usr\local\bin;C:\cygwin\bin;C:\cygwin\bin;C:\cygwin\usr\X11R6\bin;c:\WINDOWS\system32;c:\WINDOWS;c:\WINDOWS\System32\Wbem;c:\Program Files\ATI Technologies\ATI Control Panel;c:\Program Files\ATI Technologies\ATI.ACE\;C:\cygwin\lib\lapack;c;C:\cygwin\usr\local\jdk1.6.0_02\bin\;c;C:\cygwin\usr\local\GnuWin32\bin\" />
    <property name="env.NUMBER_OF_PROCESSORS" value="1" />
    <property name="java.vendor.url" value="http://java.sun.com/" />
    <property name="env.USERDNSDOMAIN" value="CAMPUS.NIST.GOV" />
    <property name="java.vm.vendor" value="Sun Microsystems Inc." />
    <property name="java.runtime.name" value="Java(TM) SE Runtime Environment" />
    <property name="ant.version" value="Apache Ant version 1.7.0 compiled on December 13 2006" />
    <property name="java.class.path" value="c:\home\eclipse\workspace\sip-servlets-test-suite\target\classes;c:\home\eclipse\workspace\sip-servlets-test-suite\target\test-classes;C:\Documents and Settings\mranga\.m2\repository\tomcat\tomcat-coyote\5.5.15\tomcat-coyote-5.5.15.jar;C:\Documents and Settings\mranga\.m2\repository\log4j\log4j\1.2.14\log4j-1.2.14.jar;C:\Documents and Settings\mranga\.m2\repository\directory-naming\naming-resources\0.8\naming-resources-0.8.jar;C:\Documents and Settings\mranga\.m2\repository\org\mobicents\servlet\sip\sip-servlets-spec\1.1-SNAPSHOT\sip-servlets-spec-1.1-SNAPSHOT.jar;C:\Documents and Settings\mranga\.m2\repository\avalon-framework\avalon-framework\4.1.3\avalon-framework-4.1.3.jar;C:\Documents and Settings\mranga\.m2\repository\logkit\logkit\1.0.1\logkit-1.0.1.jar;C:\Documents and Settings\mranga\.m2\repository\tomcat\tomcat-apr\5.5.15\tomcat-apr-5.5.15.jar;C:\Documents and Settings\mranga\.m2\repository\javax\sip\jain-sip-api\1.2\jain-sip-api-1.2.jar;C:\Documents and Settings\mranga\.m2\repository\tomcat\tomcat-util\5.5.15\tomcat-util-5.5.15.jar;C:\Documents and Settings\mranga\.m2\repository\concurrent\concurrent\1.3.4\concurrent-1.3.4.jar;C:\Documents and Settings\mranga\.m2\repository\commons-modeler\commons-modeler\1.1\commons-modeler-1.1.jar;C:\Documents and Settings\mranga\.m2\repository\org\mobicents\servlet\sip\sip-servlets-impl\1.0-SNAPSHOT\sip-servlets-impl-1.0-SNAPSHOT.jar;C:\Documents and Settings\mranga\.m2\repository\mx4j\mx4j-jmx\1.1\mx4j-jmx-1.1.jar;C:\Documents and Settings\mranga\.m2\repository\junit\junit\3.8.1\junit-3.8.1.jar;C:\Documents and Settings\mranga\.m2\repository\commons-logging\commons-logging-api\1.0.4\commons-logging-api-1.0.4.jar;C:\Documents and Settings\mranga\.m2\repository\tomcat\catalina\5.5.15\catalina-5.5.15.jar;C:\Documents and Settings\mranga\.m2\repository\javax\servlet\servlet-api\2.3\servlet-api-2.3.jar;C:\Documents and Settings\mranga\.m2\repository\commons-logging\commons-logging\1.1\commons-logging-1.1.jar;C:\Documents and Settings\mranga\.m2\repository\commons-digester\commons-digester\1.2\commons-digester-1.2.jar;C:\Documents and Settings\mranga\.m2\repository\directory-naming\naming-core\0.8\naming-core-0.8.jar;C:\Documents and Settings\mranga\.m2\repository\javax\sip\jain-sip-ri\1.2\jain-sip-ri-1.2.jar;C:\Documents and Settings\mranga\.m2\repository\xml-apis\xml-apis\1.0.b2\xml-apis-1.0.b2.jar;C:\usr\local\apache-ant-1.7.0\lib\ant-launcher.jar;c:\usr\local\apache-ant-1.7.0\lib\ant.jar;c:\usr\local\apache-ant-1.7.0\lib\ant-junit.jar" />
    <property name="env.JBOSS_HOME" value="c:/usr/local/jboss/jboss-3.2.6" />
    <property name="env.ANT_OPTS" value="-Xmx640m" />
    <property name="env.LDMS_LOCAL_DIR" value="C:\Program Files\LANDesk\LDClient\Data" />
    <property name="env.CVS_RSH" value="/bin/ssh" />
    <property name="java.vm.specification.name" value="Java Virtual Machine Specification" />
    <property name="env.LOGONSERVER" value="\\WS019" />
    <property name="java.vm.specification.version" value="1.0" />
    <property name="env.PROCESSOR_ARCHITECTURE" value="x86" />
    <property name="sun.cpu.endian" value="little" />
    <property name="sun.os.patch.level" value="Service Pack 2" />
    <property name="env.HOME" value="C:\home\mranga" />
    <property name="debuglevel" value="source,lines,vars" />
    <property name="env.ANT_HOME" value="c:/usr/local/apache-ant-1.7.0" />
    <property name="env.PROCESSOR_REVISION" value="0d08" />
    <property name="java.io.tmpdir" value="c:\DOCUME~1\mranga\LOCALS~1\Temp\" />
    <property name="cygwin.user.home" value="C:/home/mranga" />
    <property name="java.vendor.url.bug" value="http://java.sun.com/cgi-bin/bugreport.cgi" />
    <property name="M2_REPO" value="C:/Documents and Settings/mranga/.m2/repository" />
    <property name="env.COMSPEC" value="C:\WINDOWS\system32\cmd.exe" />
    <property name="java.awt.graphicsenv" value="sun.awt.Win32GraphicsEnvironment" />
    <property name="os.arch" value="x86" />
    <property name="java.ext.dirs" value="c:\usr\local\jdk1.6.0_02\jre\lib\ext;C:\WINDOWS\Sun\Java\lib\ext" />
    <property name="user.dir" value="c:\home\eclipse\workspace\sip-servlets-test-suite" />
    <property name="env.MAVEN_HOME" value="c:/usr/local/maven-2.0.7/" />
    <property name="env.INFOPATH" value="/usr/local/info:/usr/share/info:/usr/info:" />
    <property name="line.separator" value="
" />
    <property name="java.vm.name" value="Java HotSpot(TM) Client VM" />
    <property name="env.PATHEXT" value=".COM;.EXE;.BAT;.CMD;.VBS;.VBE;.JS;.JSE;.WSF;.WSH" />
    <property name="env.EDITOR" value="c:/cygwin/bin/vi" />
    <property name="basedir" value="c:\home\eclipse\workspace\sip-servlets-test-suite" />
    <property name="env.TEXDOCVIEW_ps" value="cygstart %s" />
    <property name="ant.java.version" value="1.6" />
    <property name="ant.core.lib" value="c:\usr\local\apache-ant-1.7.0\lib\ant.jar" />
    <property name="env.USERNAME" value="mranga" />
    <property name="source" value="1.5" />
    <property name="file.encoding" value="Cp1252" />
    <property name="env.WORKSPACE" value="C:/home/eclipse/workspace/" />
    <property name="env.USERDOMAIN" value="NIST" />
    <property name="env.TEXDOCVIEW_dvi" value="cygstart %s" />
    <property name="java.specification.version" value="1.6" />
    <property name="env.PROCESSOR_LEVEL" value="6" />
    <property name="ant.file.sip-servlets-test-suite" value="c:\home\eclipse\workspace\sip-servlets-test-suite\build.xml" />
  </properties>
  <testcase classname="org.mobicents.servlet.sip.EmbeddedTomcatLoaderTest" name="testSimpleSipServlet" time="0.203">
    <error message="org/mobicents/servlet/sip/startup/SipHostConfig" type="java.lang.NoClassDefFoundError">java.lang.NoClassDefFoundError: org/mobicents/servlet/sip/startup/SipHostConfig
	at org.mobicents.servlet.sip.SipEmbedded.startTomcat(SipEmbedded.java:129)
	at org.mobicents.servlet.sip.SipServletTestCase.setUp(SipServletTestCase.java:28)
</error>
  </testcase>
  <system-out><![CDATA[0 [main] DEBUG org.mobicents.servlet.sip.SipEmbedded  - Setting naming prefix=org.apache.naming
0 [main] DEBUG org.mobicents.servlet.sip.SipEmbedded  - Expanded ${catalina.home}/common/classes to true
0 [main] DEBUG org.mobicents.servlet.sip.SipEmbedded  - Expanded ${catalina.home}/common/i18n/*.jar to true
0 [main] DEBUG org.mobicents.servlet.sip.SipEmbedded  - Expanded ${catalina.home}/common/endorsed/*.jar to true
0 [main] DEBUG org.mobicents.servlet.sip.SipEmbedded  - Expanded ${catalina.home}/common/lib/*.jar to true
0 [main] DEBUG org.mobicents.servlet.sip.SipEmbedded  - Creating new class loader
0 [main] DEBUG org.mobicents.servlet.sip.SipEmbedded  -   Including directory file:/C:/usr/local/apache-tomcat-5.5.23/common/classes/
0 [main] DEBUG org.mobicents.servlet.sip.SipEmbedded  -   Including directory glob c:\usr\local\apache-tomcat-5.5.23\common\i18n
0 [main] DEBUG org.mobicents.servlet.sip.SipEmbedded  -     Including glob jar file C:\usr\local\apache-tomcat-5.5.23\common\i18n\tomcat-i18n-en.jar
0 [main] DEBUG org.mobicents.servlet.sip.SipEmbedded  -     Including glob jar file C:\usr\local\apache-tomcat-5.5.23\common\i18n\tomcat-i18n-es.jar
0 [main] DEBUG org.mobicents.servlet.sip.SipEmbedded  -     Including glob jar file C:\usr\local\apache-tomcat-5.5.23\common\i18n\tomcat-i18n-fr.jar
0 [main] DEBUG org.mobicents.servlet.sip.SipEmbedded  -     Including glob jar file C:\usr\local\apache-tomcat-5.5.23\common\i18n\tomcat-i18n-ja.jar
0 [main] DEBUG org.mobicents.servlet.sip.SipEmbedded  -   Including directory glob c:\usr\local\apache-tomcat-5.5.23\common\endorsed
0 [main] DEBUG org.mobicents.servlet.sip.SipEmbedded  -   Including directory glob c:\usr\local\apache-tomcat-5.5.23\common\lib
0 [main] DEBUG org.mobicents.servlet.sip.SipEmbedded  -     Including glob jar file C:\usr\local\apache-tomcat-5.5.23\common\lib\commons-el.jar
0 [main] DEBUG org.mobicents.servlet.sip.SipEmbedded  -     Including glob jar file C:\usr\local\apache-tomcat-5.5.23\common\lib\concurrent-1.3.4.jar
0 [main] DEBUG org.mobicents.servlet.sip.SipEmbedded  -     Including glob jar file C:\usr\local\apache-tomcat-5.5.23\common\lib\jain-sip-api-1.2.jar
0 [main] DEBUG org.mobicents.servlet.sip.SipEmbedded  -     Including glob jar file C:\usr\local\apache-tomcat-5.5.23\common\lib\jain-sip-ri-1.2.jar
0 [main] DEBUG org.mobicents.servlet.sip.SipEmbedded  -     Including glob jar file C:\usr\local\apache-tomcat-5.5.23\common\lib\jasper-compiler-jdt.jar
0 [main] DEBUG org.mobicents.servlet.sip.SipEmbedded  -     Including glob jar file C:\usr\local\apache-tomcat-5.5.23\common\lib\jasper-compiler.jar
0 [main] DEBUG org.mobicents.servlet.sip.SipEmbedded  -     Including glob jar file C:\usr\local\apache-tomcat-5.5.23\common\lib\jasper-runtime.jar
0 [main] DEBUG org.mobicents.servlet.sip.SipEmbedded  -     Including glob jar file C:\usr\local\apache-tomcat-5.5.23\common\lib\jsp-api.jar
0 [main] DEBUG org.mobicents.servlet.sip.SipEmbedded  -     Including glob jar file C:\usr\local\apache-tomcat-5.5.23\common\lib\log4j-1.2.14.jar
0 [main] DEBUG org.mobicents.servlet.sip.SipEmbedded  -     Including glob jar file C:\usr\local\apache-tomcat-5.5.23\common\lib\naming-factory-dbcp.jar
0 [main] DEBUG org.mobicents.servlet.sip.SipEmbedded  -     Including glob jar file C:\usr\local\apache-tomcat-5.5.23\common\lib\naming-factory.jar
0 [main] DEBUG org.mobicents.servlet.sip.SipEmbedded  -     Including glob jar file C:\usr\local\apache-tomcat-5.5.23\common\lib\naming-resources.jar
0 [main] DEBUG org.mobicents.servlet.sip.SipEmbedded  -     Including glob jar file C:\usr\local\apache-tomcat-5.5.23\common\lib\servlet-api.jar
0 [main] DEBUG org.mobicents.servlet.sip.SipEmbedded  -     Including glob jar file C:\usr\local\apache-tomcat-5.5.23\common\lib\sip-servlets-spec-1.1-SNAPSHOT.jar
0 [main] DEBUG org.mobicents.servlet.sip.SipEmbedded  -   location 0 is file:/C:/usr/local/apache-tomcat-5.5.23/common/classes/
0 [main] DEBUG org.mobicents.servlet.sip.SipEmbedded  -   location 1 is file:/C:/usr/local/apache-tomcat-5.5.23/common/i18n/tomcat-i18n-en.jar
0 [main] DEBUG org.mobicents.servlet.sip.SipEmbedded  -   location 2 is file:/C:/usr/local/apache-tomcat-5.5.23/common/i18n/tomcat-i18n-es.jar
0 [main] DEBUG org.mobicents.servlet.sip.SipEmbedded  -   location 3 is file:/C:/usr/local/apache-tomcat-5.5.23/common/i18n/tomcat-i18n-fr.jar
0 [main] DEBUG org.mobicents.servlet.sip.SipEmbedded  -   location 4 is file:/C:/usr/local/apache-tomcat-5.5.23/common/i18n/tomcat-i18n-ja.jar
0 [main] DEBUG org.mobicents.servlet.sip.SipEmbedded  -   location 5 is file:/C:/usr/local/apache-tomcat-5.5.23/common/lib/commons-el.jar
0 [main] DEBUG org.mobicents.servlet.sip.SipEmbedded  -   location 6 is file:/C:/usr/local/apache-tomcat-5.5.23/common/lib/concurrent-1.3.4.jar
0 [main] DEBUG org.mobicents.servlet.sip.SipEmbedded  -   location 7 is file:/C:/usr/local/apache-tomcat-5.5.23/common/lib/jain-sip-api-1.2.jar
0 [main] DEBUG org.mobicents.servlet.sip.SipEmbedded  -   location 8 is file:/C:/usr/local/apache-tomcat-5.5.23/common/lib/jain-sip-ri-1.2.jar
0 [main] DEBUG org.mobicents.servlet.sip.SipEmbedded  -   location 9 is file:/C:/usr/local/apache-tomcat-5.5.23/common/lib/jasper-compiler-jdt.jar
0 [main] DEBUG org.mobicents.servlet.sip.SipEmbedded  -   location 10 is file:/C:/usr/local/apache-tomcat-5.5.23/common/lib/jasper-compiler.jar
0 [main] DEBUG org.mobicents.servlet.sip.SipEmbedded  -   location 11 is file:/C:/usr/local/apache-tomcat-5.5.23/common/lib/jasper-runtime.jar
0 [main] DEBUG org.mobicents.servlet.sip.SipEmbedded  -   location 12 is file:/C:/usr/local/apache-tomcat-5.5.23/common/lib/jsp-api.jar
0 [main] DEBUG org.mobicents.servlet.sip.SipEmbedded  -   location 13 is file:/C:/usr/local/apache-tomcat-5.5.23/common/lib/log4j-1.2.14.jar
0 [main] DEBUG org.mobicents.servlet.sip.SipEmbedded  -   location 14 is file:/C:/usr/local/apache-tomcat-5.5.23/common/lib/naming-factory-dbcp.jar
0 [main] DEBUG org.mobicents.servlet.sip.SipEmbedded  -   location 15 is file:/C:/usr/local/apache-tomcat-5.5.23/common/lib/naming-factory.jar
0 [main] DEBUG org.mobicents.servlet.sip.SipEmbedded  -   location 16 is file:/C:/usr/local/apache-tomcat-5.5.23/common/lib/naming-resources.jar
0 [main] DEBUG org.mobicents.servlet.sip.SipEmbedded  -   location 17 is file:/C:/usr/local/apache-tomcat-5.5.23/common/lib/servlet-api.jar
0 [main] DEBUG org.mobicents.servlet.sip.SipEmbedded  -   location 18 is file:/C:/usr/local/apache-tomcat-5.5.23/common/lib/sip-servlets-spec-1.1-SNAPSHOT.jar
31 [main] DEBUG org.mobicents.servlet.sip.SipEmbedded  - Expanded ${catalina.home}/server/classes to true
31 [main] DEBUG org.mobicents.servlet.sip.SipEmbedded  - Expanded ${catalina.home}/server/lib/*.jar to true
31 [main] DEBUG org.mobicents.servlet.sip.SipEmbedded  - Creating new class loader
31 [main] DEBUG org.mobicents.servlet.sip.SipEmbedded  -   Including directory file:/C:/usr/local/apache-tomcat-5.5.23/server/classes/
31 [main] DEBUG org.mobicents.servlet.sip.SipEmbedded  -   Including directory glob c:\usr\local\apache-tomcat-5.5.23\server\lib
31 [main] DEBUG org.mobicents.servlet.sip.SipEmbedded  -     Including glob jar file C:\usr\local\apache-tomcat-5.5.23\server\lib\catalina-ant-jmx.jar
31 [main] DEBUG org.mobicents.servlet.sip.SipEmbedded  -     Including glob jar file C:\usr\local\apache-tomcat-5.5.23\server\lib\catalina-ant.jar
31 [main] DEBUG org.mobicents.servlet.sip.SipEmbedded  -     Including glob jar file C:\usr\local\apache-tomcat-5.5.23\server\lib\catalina-cluster.jar
31 [main] DEBUG org.mobicents.servlet.sip.SipEmbedded  -     Including glob jar file C:\usr\local\apache-tomcat-5.5.23\server\lib\catalina-optional.jar
31 [main] DEBUG org.mobicents.servlet.sip.SipEmbedded  -     Including glob jar file C:\usr\local\apache-tomcat-5.5.23\server\lib\catalina-storeconfig.jar
31 [main] DEBUG org.mobicents.servlet.sip.SipEmbedded  -     Including glob jar file C:\usr\local\apache-tomcat-5.5.23\server\lib\catalina.jar
31 [main] DEBUG org.mobicents.servlet.sip.SipEmbedded  -     Including glob jar file C:\usr\local\apache-tomcat-5.5.23\server\lib\commons-modeler-2.0.jar
31 [main] DEBUG org.mobicents.servlet.sip.SipEmbedded  -     Including glob jar file C:\usr\local\apache-tomcat-5.5.23\server\lib\servlets-default.jar
31 [main] DEBUG org.mobicents.servlet.sip.SipEmbedded  -     Including glob jar file C:\usr\local\apache-tomcat-5.5.23\server\lib\servlets-invoker.jar
31 [main] DEBUG org.mobicents.servlet.sip.SipEmbedded  -     Including glob jar file C:\usr\local\apache-tomcat-5.5.23\server\lib\servlets-webdav.jar
31 [main] DEBUG org.mobicents.servlet.sip.SipEmbedded  -     Including glob jar file C:\usr\local\apache-tomcat-5.5.23\server\lib\sip-servlets-impl-1.0-SNAPSHOT.jar
31 [main] DEBUG org.mobicents.servlet.sip.SipEmbedded  -     Including glob jar file C:\usr\local\apache-tomcat-5.5.23\server\lib\tomcat-ajp.jar
31 [main] DEBUG org.mobicents.servlet.sip.SipEmbedded  -     Including glob jar file C:\usr\local\apache-tomcat-5.5.23\server\lib\tomcat-apr.jar
31 [main] DEBUG org.mobicents.servlet.sip.SipEmbedded  -     Including glob jar file C:\usr\local\apache-tomcat-5.5.23\server\lib\tomcat-coyote.jar
31 [main] DEBUG org.mobicents.servlet.sip.SipEmbedded  -     Including glob jar file C:\usr\local\apache-tomcat-5.5.23\server\lib\tomcat-http.jar
31 [main] DEBUG org.mobicents.servlet.sip.SipEmbedded  -     Including glob jar file C:\usr\local\apache-tomcat-5.5.23\server\lib\tomcat-jkstatus-ant.jar
31 [main] DEBUG org.mobicents.servlet.sip.SipEmbedded  -     Including glob jar file C:\usr\local\apache-tomcat-5.5.23\server\lib\tomcat-util.jar
31 [main] DEBUG org.mobicents.servlet.sip.SipEmbedded  -   location 0 is file:/C:/usr/local/apache-tomcat-5.5.23/server/classes/
31 [main] DEBUG org.mobicents.servlet.sip.SipEmbedded  -   location 1 is file:/C:/usr/local/apache-tomcat-5.5.23/server/lib/catalina-ant-jmx.jar
31 [main] DEBUG org.mobicents.servlet.sip.SipEmbedded  -   location 2 is file:/C:/usr/local/apache-tomcat-5.5.23/server/lib/catalina-ant.jar
31 [main] DEBUG org.mobicents.servlet.sip.SipEmbedded  -   location 3 is file:/C:/usr/local/apache-tomcat-5.5.23/server/lib/catalina-cluster.jar
31 [main] DEBUG org.mobicents.servlet.sip.SipEmbedded  -   location 4 is file:/C:/usr/local/apache-tomcat-5.5.23/server/lib/catalina-optional.jar
31 [main] DEBUG org.mobicents.servlet.sip.SipEmbedded  -   location 5 is file:/C:/usr/local/apache-tomcat-5.5.23/server/lib/catalina-storeconfig.jar
31 [main] DEBUG org.mobicents.servlet.sip.SipEmbedded  -   location 6 is file:/C:/usr/local/apache-tomcat-5.5.23/server/lib/catalina.jar
31 [main] DEBUG org.mobicents.servlet.sip.SipEmbedded  -   location 7 is file:/C:/usr/local/apache-tomcat-5.5.23/server/lib/commons-modeler-2.0.jar
31 [main] DEBUG org.mobicents.servlet.sip.SipEmbedded  -   location 8 is file:/C:/usr/local/apache-tomcat-5.5.23/server/lib/servlets-default.jar
31 [main] DEBUG org.mobicents.servlet.sip.SipEmbedded  -   location 9 is file:/C:/usr/local/apache-tomcat-5.5.23/server/lib/servlets-invoker.jar
31 [main] DEBUG org.mobicents.servlet.sip.SipEmbedded  -   location 10 is file:/C:/usr/local/apache-tomcat-5.5.23/server/lib/servlets-webdav.jar
31 [main] DEBUG org.mobicents.servlet.sip.SipEmbedded  -   location 11 is file:/C:/usr/local/apache-tomcat-5.5.23/server/lib/sip-servlets-impl-1.0-SNAPSHOT.jar
31 [main] DEBUG org.mobicents.servlet.sip.SipEmbedded  -   location 12 is file:/C:/usr/local/apache-tomcat-5.5.23/server/lib/tomcat-ajp.jar
31 [main] DEBUG org.mobicents.servlet.sip.SipEmbedded  -   location 13 is file:/C:/usr/local/apache-tomcat-5.5.23/server/lib/tomcat-apr.jar
31 [main] DEBUG org.mobicents.servlet.sip.SipEmbedded  -   location 14 is file:/C:/usr/local/apache-tomcat-5.5.23/server/lib/tomcat-coyote.jar
31 [main] DEBUG org.mobicents.servlet.sip.SipEmbedded  -   location 15 is file:/C:/usr/local/apache-tomcat-5.5.23/server/lib/tomcat-http.jar
31 [main] DEBUG org.mobicents.servlet.sip.SipEmbedded  -   location 16 is file:/C:/usr/local/apache-tomcat-5.5.23/server/lib/tomcat-jkstatus-ant.jar
31 [main] DEBUG org.mobicents.servlet.sip.SipEmbedded  -   location 17 is file:/C:/usr/local/apache-tomcat-5.5.23/server/lib/tomcat-util.jar
31 [main] DEBUG org.mobicents.servlet.sip.SipEmbedded  - Expanded ${catalina.base}/shared/classes to true
31 [main] DEBUG org.mobicents.servlet.sip.SipEmbedded  - Expanded ${catalina.base}/shared/lib/*.jar to true
31 [main] DEBUG org.mobicents.servlet.sip.SipEmbedded  - Creating new class loader
31 [main] DEBUG org.mobicents.servlet.sip.SipEmbedded  -   Including directory file:/C:/usr/local/apache-tomcat-5.5.23/shared/classes/
31 [main] DEBUG org.mobicents.servlet.sip.SipEmbedded  -   Including directory glob c:\usr\local\apache-tomcat-5.5.23\shared\lib
31 [main] DEBUG org.mobicents.servlet.sip.SipEmbedded  -   location 0 is file:/C:/usr/local/apache-tomcat-5.5.23/shared/classes/
]]></system-out>
  <system-err><![CDATA[]]></system-err>
</testsuite>
